# JRE version: Java(TM) SE Runtime Environment (8.0_171-b11) (build 1.8.0_171-b11)
# Java VM: Java HotSpot(TM) 64-Bit Server VM (25.171-b11 mixed mode linux-amd64 compressed oops)
Heap:
 PSYoungGen      total 94208K, used 76211K [0x00000000e0000000, 0x00000000e9e80000, 0x0000000100000000)
  eden space 82432K, 92% used [0x00000000e0000000,0x00000000e4a6ce80,0x00000000e5080000)
  from space 11776K, 0% used [0x00000000e5080000,0x00000000e5080000,0x00000000e5c00000)
  to   space 12800K, 0% used [0x00000000e9200000,0x00000000e9200000,0x00000000e9e80000)
 ParOldGen       total 105472K, used 17917K [0x00000000a0000000, 0x00000000a6700000, 0x00000000e0000000)
  object space 105472K, 16% used [0x00000000a0000000,0x00000000a117f570,0x00000000a6700000)
 Metaspace       used 36507K, capacity 37068K, committed 37416K, reserved 1081344K
  class space    used 4917K, capacity 5105K, committed 5168K, reserved 1048576K
GC Heap History (10 events):
Event: 4,863 GC heap before
{Heap before GC invocations=5 (full 1):
 PSYoungGen      total 55808K, used 7287K [0x00000000e0000000, 0x00000000e6d00000, 0x0000000100000000)
  eden space 48128K, 0% used [0x00000000e0000000,0x00000000e0000000,0x00000000e2f00000)
  from space 7680K, 94% used [0x00000000e3680000,0x00000000e3d9df40,0x00000000e3e00000)
  to   space 7680K, 0% used [0x00000000e2f00000,0x00000000e2f00000,0x00000000e3680000)
 ParOldGen       total 126976K, used 4001K [0x00000000a0000000, 0x00000000a7c00000, 0x00000000e0000000)
  object space 126976K, 3% used [0x00000000a0000000,0x00000000a03e87e8,0x00000000a7c00000)
 Metaspace       used 20824K, capacity 21180K, committed 21296K, reserved 1067008K
  class space    used 2948K, capacity 3076K, committed 3120K, reserved 1048576K
Event: 4,907 GC heap after
Heap after GC invocations=5 (full 1):
 PSYoungGen      total 55808K, used 0K [0x00000000e0000000, 0x00000000e6d00000, 0x0000000100000000)
  eden space 48128K, 0% used [0x00000000e0000000,0x00000000e0000000,0x00000000e2f00000)
  from space 7680K, 0% used [0x00000000e3680000,0x00000000e3680000,0x00000000e3e00000)
  to   space 7680K, 0% used [0x00000000e2f00000,0x00000000e2f00000,0x00000000e3680000)
 ParOldGen       total 70144K, used 7665K [0x00000000a0000000, 0x00000000a4480000, 0x00000000e0000000)
  object space 70144K, 10% used [0x00000000a0000000,0x00000000a077c6f8,0x00000000a4480000)
 Metaspace       used 20824K, capacity 21180K, committed 21296K, reserved 1067008K
  class space    used 2948K, capacity 3076K, committed 3120K, reserved 1048576K
}
Event: 5,743 GC heap before
{Heap before GC invocations=6 (full 1):
 PSYoungGen      total 55808K, used 48128K [0x00000000e0000000, 0x00000000e6d00000, 0x0000000100000000)
  eden space 48128K, 100% used [0x00000000e0000000,0x00000000e2f00000,0x00000000e2f00000)
  from space 7680K, 0% used [0x00000000e3680000,0x00000000e3680000,0x00000000e3e00000)
  to   space 7680K, 0% used [0x00000000e2f00000,0x00000000e2f00000,0x00000000e3680000)
 ParOldGen       total 70144K, used 7665K [0x00000000a0000000, 0x00000000a4480000, 0x00000000e0000000)
  object space 70144K, 10% used [0x00000000a0000000,0x00000000a077c6f8,0x00000000a4480000)
 Metaspace       used 25383K, capacity 25764K, committed 26032K, reserved 1071104K
  class space    used 3535K, capacity 3661K, committed 3760K, reserved 1048576K
Event: 5,746 GC heap after
Heap after GC invocations=6 (full 1):
 PSYoungGen      total 55808K, used 5241K [0x00000000e0000000, 0x00000000e6880000, 0x0000000100000000)
  eden space 48128K, 0% used [0x00000000e0000000,0x00000000e0000000,0x00000000e2f00000)
  from space 7680K, 68% used [0x00000000e2f00000,0x00000000e341e790,0x00000000e3680000)
  to   space 11776K, 0% used [0x00000000e5d00000,0x00000000e5d00000,0x00000000e6880000)
 ParOldGen       total 70144K, used 7665K [0x00000000a0000000, 0x00000000a4480000, 0x00000000e0000000)
  object space 70144K, 10% used [0x00000000a0000000,0x00000000a077c6f8,0x00000000a4480000)
 Metaspace       used 25383K, capacity 25764K, committed 26032K, reserved 1071104K
  class space    used 3535K, capacity 3661K, committed 3760K, reserved 1048576K
}
Event: 6,537 GC heap before
{Heap before GC invocations=7 (full 1):
 PSYoungGen      total 55808K, used 53369K [0x00000000e0000000, 0x00000000e6880000, 0x0000000100000000)
  eden space 48128K, 100% used [0x00000000e0000000,0x00000000e2f00000,0x00000000e2f00000)
  from space 7680K, 68% used [0x00000000e2f00000,0x00000000e341e790,0x00000000e3680000)
  to   space 11776K, 0% used [0x00000000e5d00000,0x00000000e5d00000,0x00000000e6880000)
 ParOldGen       total 70144K, used 7665K [0x00000000a0000000, 0x00000000a4480000, 0x00000000e0000000)
  object space 70144K, 10% used [0x00000000a0000000,0x00000000a077c6f8,0x00000000a4480000)
 Metaspace       used 28168K, capacity 28584K, committed 28848K, reserved 1073152K
  class space    used 3998K, capacity 4153K, committed 4272K, reserved 1048576K
Event: 6,547 GC heap after
Heap after GC invocations=7 (full 1):
 PSYoungGen      total 93184K, used 6587K [0x00000000e0000000, 0x00000000e6780000, 0x0000000100000000)
  eden space 82432K, 0% used [0x00000000e0000000,0x00000000e0000000,0x00000000e5080000)
  from space 10752K, 61% used [0x00000000e5d00000,0x00000000e636eca8,0x00000000e6780000)
  to   space 11776K, 0% used [0x00000000e5080000,0x00000000e5080000,0x00000000e5c00000)
 ParOldGen       total 70144K, used 7673K [0x00000000a0000000, 0x00000000a4480000, 0x00000000e0000000)
  object space 70144K, 10% used [0x00000000a0000000,0x00000000a077e6f8,0x00000000a4480000)
 Metaspace       used 28168K, capacity 28584K, committed 28848K, reserved 1073152K
  class space    used 3998K, capacity 4153K, committed 4272K, reserved 1048576K
}
Event: 9,839 GC heap before
{Heap before GC invocations=8 (full 1):
 PSYoungGen      total 93184K, used 63051K [0x00000000e0000000, 0x00000000e6780000, 0x0000000100000000)
  eden space 82432K, 68% used [0x00000000e0000000,0x00000000e3724088,0x00000000e5080000)
  from space 10752K, 61% used [0x00000000e5d00000,0x00000000e636eca8,0x00000000e6780000)
  to   space 11776K, 0% used [0x00000000e5080000,0x00000000e5080000,0x00000000e5c00000)
 ParOldGen       total 70144K, used 7673K [0x00000000a0000000, 0x00000000a4480000, 0x00000000e0000000)
  object space 70144K, 10% used [0x00000000a0000000,0x00000000a077e6f8,0x00000000a4480000)
 Metaspace       used 34699K, capacity 35218K, committed 35496K, reserved 1079296K
  class space    used 4787K, capacity 4946K, committed 5040K, reserved 1048576K
Event: 9,850 GC heap after
Heap after GC invocations=8 (full 1):
 PSYoungGen      total 94208K, used 11237K [0x00000000e0000000, 0x00000000e9e80000, 0x0000000100000000)
  eden space 82432K, 0% used [0x00000000e0000000,0x00000000e0000000,0x00000000e5080000)
  from space 11776K, 95% used [0x00000000e5080000,0x00000000e5b79760,0x00000000e5c00000)
  to   space 12800K, 0% used [0x00000000e9200000,0x00000000e9200000,0x00000000e9e80000)
 ParOldGen       total 70144K, used 7768K [0x00000000a0000000, 0x00000000a4480000, 0x00000000e0000000)
  object space 70144K, 11% used [0x00000000a0000000,0x00000000a0796368,0x00000000a4480000)
 Metaspace       used 34699K, capacity 35218K, committed 35496K, reserved 1079296K
  class space    used 4787K, capacity 4946K, committed 5040K, reserved 1048576K
}
Event: 9,850 GC heap before
{Heap before GC invocations=9 (full 2):
 PSYoungGen      total 94208K, used 11237K [0x00000000e0000000, 0x00000000e9e80000, 0x0000000100000000)
  eden space 82432K, 0% used [0x00000000e0000000,0x00000000e0000000,0x00000000e5080000)
  from space 11776K, 95% used [0x00000000e5080000,0x00000000e5b79760,0x00000000e5c00000)
  to   space 12800K, 0% used [0x00000000e9200000,0x00000000e9200000,0x00000000e9e80000)
 ParOldGen       total 70144K, used 7768K [0x00000000a0000000, 0x00000000a4480000, 0x00000000e0000000)
  object space 70144K, 11% used [0x00000000a0000000,0x00000000a0796368,0x00000000a4480000)
 Metaspace       used 34699K, capacity 35218K, committed 35496K, reserved 1079296K
  class space    used 4787K, capacity 4946K, committed 5040K, reserved 1048576K
Event: 9,934 GC heap after
Heap after GC invocations=9 (full 2):
 PSYoungGen      total 94208K, used 0K [0x00000000e0000000, 0x00000000e9e80000, 0x0000000100000000)
  eden space 82432K, 0% used [0x00000000e0000000,0x00000000e0000000,0x00000000e5080000)
  from space 11776K, 0% used [0x00000000e5080000,0x00000000e5080000,0x00000000e5c00000)
  to   space 12800K, 0% used [0x00000000e9200000,0x00000000e9200000,0x00000000e9e80000)
 ParOldGen       total 105472K, used 17917K [0x00000000a0000000, 0x00000000a6700000, 0x00000000e0000000)
  object space 105472K, 16% used [0x00000000a0000000,0x00000000a117f570,0x00000000a6700000)
 Metaspace       used 34691K, capacity 35206K, committed 35496K, reserved 1079296K
  class space    used 4786K, capacity 4944K, committed 5040K, reserved 1048576K
}

