# JRE version: OpenJDK Runtime Environment (8.0_152-b01) (build 1.8.0_152-release-1024-b01)
# Java VM: OpenJDK 64-Bit Server VM (25.152-b01 mixed mode linux-amd64 compressed oops)
Heap:
 PSYoungGen      total 104448K, used 85919K [0x00000000e0000000, 0x00000000eae80000, 0x0000000100000000)
  eden space 96768K, 80% used [0x00000000e0000000,0x00000000e4c6daf8,0x00000000e5e80000)
  from space 7680K, 99% used [0x00000000e7700000,0x00000000e7e7a468,0x00000000e7e80000)
  to   space 25088K, 0% used [0x00000000e5e80000,0x00000000e5e80000,0x00000000e7700000)
 ParOldGen       total 152576K, used 37284K [0x00000000a0000000, 0x00000000a9500000, 0x00000000e0000000)
  object space 152576K, 24% used [0x00000000a0000000,0x00000000a2469298,0x00000000a9500000)
 Metaspace       used 49869K, capacity 50677K, committed 50944K, reserved 1093632K
  class space    used 6155K, capacity 6352K, committed 6400K, reserved 1048576K
GC Heap History (10 events):
Event: 2,171 GC heap before
{Heap before GC invocations=5 (full 2):
 PSYoungGen      total 55808K, used 6877K [0x00000000e0000000, 0x00000000e6d00000, 0x0000000100000000)
  eden space 48128K, 0% used [0x00000000e0000000,0x00000000e0000000,0x00000000e2f00000)
  from space 7680K, 89% used [0x00000000e2f00000,0x00000000e35b7640,0x00000000e3680000)
  to   space 7680K, 0% used [0x00000000e6580000,0x00000000e6580000,0x00000000e6d00000)
 ParOldGen       total 126976K, used 5488K [0x00000000a0000000, 0x00000000a7c00000, 0x00000000e0000000)
  object space 126976K, 4% used [0x00000000a0000000,0x00000000a055c250,0x00000000a7c00000)
 Metaspace       used 20691K, capacity 21074K, committed 21296K, reserved 1069056K
  class space    used 2499K, capacity 2625K, committed 2688K, reserved 1048576K
Event: 2,194 GC heap after
Heap after GC invocations=5 (full 2):
 PSYoungGen      total 55808K, used 0K [0x00000000e0000000, 0x00000000e6d00000, 0x0000000100000000)
  eden space 48128K, 0% used [0x00000000e0000000,0x00000000e0000000,0x00000000e2f00000)
  from space 7680K, 0% used [0x00000000e2f00000,0x00000000e2f00000,0x00000000e3680000)
  to   space 7680K, 0% used [0x00000000e6580000,0x00000000e6580000,0x00000000e6d00000)
 ParOldGen       total 84480K, used 8168K [0x00000000a0000000, 0x00000000a5280000, 0x00000000e0000000)
  object space 84480K, 9% used [0x00000000a0000000,0x00000000a07fa028,0x00000000a5280000)
 Metaspace       used 20691K, capacity 21074K, committed 21296K, reserved 1069056K
  class space    used 2499K, capacity 2625K, committed 2688K, reserved 1048576K
}
Event: 2,705 GC heap before
{Heap before GC invocations=6 (full 2):
 PSYoungGen      total 55808K, used 48128K [0x00000000e0000000, 0x00000000e6d00000, 0x0000000100000000)
  eden space 48128K, 100% used [0x00000000e0000000,0x00000000e2f00000,0x00000000e2f00000)
  from space 7680K, 0% used [0x00000000e2f00000,0x00000000e2f00000,0x00000000e3680000)
  to   space 7680K, 0% used [0x00000000e6580000,0x00000000e6580000,0x00000000e6d00000)
 ParOldGen       total 84480K, used 8168K [0x00000000a0000000, 0x00000000a5280000, 0x00000000e0000000)
  object space 84480K, 9% used [0x00000000a0000000,0x00000000a07fa028,0x00000000a5280000)
 Metaspace       used 27229K, capacity 27810K, committed 28032K, reserved 1073152K
  class space    used 3477K, capacity 3641K, committed 3712K, reserved 1048576K
Event: 2,717 GC heap after
Heap after GC invocations=6 (full 2):
 PSYoungGen      total 81920K, used 7656K [0x00000000e0000000, 0x00000000e6d00000, 0x0000000100000000)
  eden space 74240K, 0% used [0x00000000e0000000,0x00000000e0000000,0x00000000e4880000)
  from space 7680K, 99% used [0x00000000e6580000,0x00000000e6cfa298,0x00000000e6d00000)
  to   space 7680K, 0% used [0x00000000e5e00000,0x00000000e5e00000,0x00000000e6580000)
 ParOldGen       total 84480K, used 11269K [0x00000000a0000000, 0x00000000a5280000, 0x00000000e0000000)
  object space 84480K, 13% used [0x00000000a0000000,0x00000000a0b01728,0x00000000a5280000)
 Metaspace       used 27229K, capacity 27810K, committed 28032K, reserved 1073152K
  class space    used 3477K, capacity 3641K, committed 3712K, reserved 1048576K
}
Event: 3,432 GC heap before
{Heap before GC invocations=7 (full 2):
 PSYoungGen      total 81920K, used 53429K [0x00000000e0000000, 0x00000000e6d00000, 0x0000000100000000)
  eden space 74240K, 61% used [0x00000000e0000000,0x00000000e2cb3320,0x00000000e4880000)
  from space 7680K, 99% used [0x00000000e6580000,0x00000000e6cfa298,0x00000000e6d00000)
  to   space 7680K, 0% used [0x00000000e5e00000,0x00000000e5e00000,0x00000000e6580000)
 ParOldGen       total 84480K, used 11269K [0x00000000a0000000, 0x00000000a5280000, 0x00000000e0000000)
  object space 84480K, 13% used [0x00000000a0000000,0x00000000a0b01728,0x00000000a5280000)
 Metaspace       used 34660K, capacity 35198K, committed 35496K, reserved 1081344K
  class space    used 4380K, capacity 4531K, committed 4608K, reserved 1048576K
Event: 3,443 GC heap after
Heap after GC invocations=7 (full 2):
 PSYoungGen      total 103936K, used 7653K [0x00000000e0000000, 0x00000000e7e80000, 0x0000000100000000)
  eden space 96256K, 0% used [0x00000000e0000000,0x00000000e0000000,0x00000000e5e00000)
  from space 7680K, 99% used [0x00000000e5e00000,0x00000000e6579650,0x00000000e6580000)
  to   space 7680K, 0% used [0x00000000e7700000,0x00000000e7700000,0x00000000e7e80000)
 ParOldGen       total 84480K, used 19774K [0x00000000a0000000, 0x00000000a5280000, 0x00000000e0000000)
  object space 84480K, 23% used [0x00000000a0000000,0x00000000a134f838,0x00000000a5280000)
 Metaspace       used 34660K, capacity 35198K, committed 35496K, reserved 1081344K
  class space    used 4380K, capacity 4531K, committed 4608K, reserved 1048576K
}
Event: 3,443 GC heap before
{Heap before GC invocations=8 (full 3):
 PSYoungGen      total 103936K, used 7653K [0x00000000e0000000, 0x00000000e7e80000, 0x0000000100000000)
  eden space 96256K, 0% used [0x00000000e0000000,0x00000000e0000000,0x00000000e5e00000)
  from space 7680K, 99% used [0x00000000e5e00000,0x00000000e6579650,0x00000000e6580000)
  to   space 7680K, 0% used [0x00000000e7700000,0x00000000e7700000,0x00000000e7e80000)
 ParOldGen       total 84480K, used 19774K [0x00000000a0000000, 0x00000000a5280000, 0x00000000e0000000)
  object space 84480K, 23% used [0x00000000a0000000,0x00000000a134f838,0x00000000a5280000)
 Metaspace       used 34660K, capacity 35198K, committed 35496K, reserved 1081344K
  class space    used 4380K, capacity 4531K, committed 4608K, reserved 1048576K
Event: 3,514 GC heap after
Heap after GC invocations=8 (full 3):
 PSYoungGen      total 103936K, used 0K [0x00000000e0000000, 0x00000000e7e80000, 0x0000000100000000)
  eden space 96256K, 0% used [0x00000000e0000000,0x00000000e0000000,0x00000000e5e00000)
  from space 7680K, 0% used [0x00000000e5e00000,0x00000000e5e00000,0x00000000e6580000)
  to   space 7680K, 0% used [0x00000000e7700000,0x00000000e7700000,0x00000000e7e80000)
 ParOldGen       total 152576K, used 20769K [0x00000000a0000000, 0x00000000a9500000, 0x00000000e0000000)
  object space 152576K, 13% used [0x00000000a0000000,0x00000000a14486d8,0x00000000a9500000)
 Metaspace       used 34660K, capacity 35198K, committed 35496K, reserved 1081344K
  class space    used 4380K, capacity 4531K, committed 4608K, reserved 1048576K
}
Event: 4,918 GC heap before
{Heap before GC invocations=9 (full 3):
 PSYoungGen      total 103936K, used 96256K [0x00000000e0000000, 0x00000000e7e80000, 0x0000000100000000)
  eden space 96256K, 100% used [0x00000000e0000000,0x00000000e5e00000,0x00000000e5e00000)
  from space 7680K, 0% used [0x00000000e5e00000,0x00000000e5e00000,0x00000000e6580000)
  to   space 7680K, 0% used [0x00000000e7700000,0x00000000e7700000,0x00000000e7e80000)
 ParOldGen       total 152576K, used 20769K [0x00000000a0000000, 0x00000000a9500000, 0x00000000e0000000)
  object space 152576K, 13% used [0x00000000a0000000,0x00000000a14486d8,0x00000000a9500000)
 Metaspace       used 40827K, capacity 41497K, committed 41856K, reserved 1085440K
  class space    used 5080K, capacity 5240K, committed 5248K, reserved 1048576K
Event: 4,949 GC heap after
Heap after GC invocations=9 (full 3):
 PSYoungGen      total 104448K, used 7657K [0x00000000e0000000, 0x00000000eae80000, 0x0000000100000000)
  eden space 96768K, 0% used [0x00000000e0000000,0x00000000e0000000,0x00000000e5e80000)
  from space 7680K, 99% used [0x00000000e7700000,0x00000000e7e7a468,0x00000000e7e80000)
  to   space 25088K, 0% used [0x00000000e5e80000,0x00000000e5e80000,0x00000000e7700000)
 ParOldGen       total 152576K, used 37284K [0x00000000a0000000, 0x00000000a9500000, 0x00000000e0000000)
  object space 152576K, 24% used [0x00000000a0000000,0x00000000a2469298,0x00000000a9500000)
 Metaspace       used 40827K, capacity 41497K, committed 41856K, reserved 1085440K
  class space    used 5080K, capacity 5240K, committed 5248K, reserved 1048576K
}

